mode: set
code.geant.net/stash/scm/nmaas/nmaas-janitor/pkg/service/v1/config-service.go:41.106,43.2 1 0
code.geant.net/stash/scm/nmaas/nmaas-janitor/pkg/service/v1/config-service.go:45.89,47.2 1 0
code.geant.net/stash/scm/nmaas/nmaas-janitor/pkg/service/v1/config-service.go:49.93,51.2 1 0
code.geant.net/stash/scm/nmaas/nmaas-janitor/pkg/service/v1/config-service.go:53.89,55.2 1 0
code.geant.net/stash/scm/nmaas/nmaas-janitor/pkg/service/v1/config-service.go:57.49,58.36 1 1
code.geant.net/stash/scm/nmaas/nmaas-janitor/pkg/service/v1/config-service.go:62.2,62.12 1 1
code.geant.net/stash/scm/nmaas/nmaas-janitor/pkg/service/v1/config-service.go:58.36,61.3 1 1
code.geant.net/stash/scm/nmaas/nmaas-janitor/pkg/service/v1/config-service.go:66.76,72.2 1 0
code.geant.net/stash/scm/nmaas/nmaas-janitor/pkg/service/v1/config-service.go:75.111,78.36 2 0
code.geant.net/stash/scm/nmaas/nmaas-janitor/pkg/service/v1/config-service.go:85.2,86.35 2 0
code.geant.net/stash/scm/nmaas/nmaas-janitor/pkg/service/v1/config-service.go:92.2,92.29 1 0
code.geant.net/stash/scm/nmaas/nmaas-janitor/pkg/service/v1/config-service.go:98.2,98.91 1 0
code.geant.net/stash/scm/nmaas/nmaas-janitor/pkg/service/v1/config-service.go:78.36,82.3 3 0
code.geant.net/stash/scm/nmaas/nmaas-janitor/pkg/service/v1/config-service.go:86.35,89.3 2 0
code.geant.net/stash/scm/nmaas/nmaas-janitor/pkg/service/v1/config-service.go:92.29,93.23 1 0
code.geant.net/stash/scm/nmaas/nmaas-janitor/pkg/service/v1/config-service.go:93.23,95.4 1 0
code.geant.net/stash/scm/nmaas/nmaas-janitor/pkg/service/v1/config-service.go:102.109,105.16 2 0
code.geant.net/stash/scm/nmaas/nmaas-janitor/pkg/service/v1/config-service.go:110.2,120.28 7 0
code.geant.net/stash/scm/nmaas/nmaas-janitor/pkg/service/v1/config-service.go:139.2,141.25 2 0
code.geant.net/stash/scm/nmaas/nmaas-janitor/pkg/service/v1/config-service.go:105.16,108.3 2 0
code.geant.net/stash/scm/nmaas/nmaas-janitor/pkg/service/v1/config-service.go:120.28,121.26 1 0
code.geant.net/stash/scm/nmaas/nmaas-janitor/pkg/service/v1/config-service.go:124.3,126.17 3 0
code.geant.net/stash/scm/nmaas/nmaas-janitor/pkg/service/v1/config-service.go:131.3,135.22 4 0
code.geant.net/stash/scm/nmaas/nmaas-janitor/pkg/service/v1/config-service.go:121.26,122.12 1 0
code.geant.net/stash/scm/nmaas/nmaas-janitor/pkg/service/v1/config-service.go:126.17,129.4 2 0
code.geant.net/stash/scm/nmaas/nmaas-janitor/pkg/service/v1/config-service.go:135.22,137.4 1 0
code.geant.net/stash/scm/nmaas/nmaas-janitor/pkg/service/v1/config-service.go:145.119,151.16 3 0
code.geant.net/stash/scm/nmaas/nmaas-janitor/pkg/service/v1/config-service.go:161.2,161.28 1 0
code.geant.net/stash/scm/nmaas/nmaas-janitor/pkg/service/v1/config-service.go:177.2,177.25 1 0
code.geant.net/stash/scm/nmaas/nmaas-janitor/pkg/service/v1/config-service.go:151.16,154.3 2 0
code.geant.net/stash/scm/nmaas/nmaas-janitor/pkg/service/v1/config-service.go:161.28,162.26 1 0
code.geant.net/stash/scm/nmaas/nmaas-janitor/pkg/service/v1/config-service.go:166.3,168.17 3 0
code.geant.net/stash/scm/nmaas/nmaas-janitor/pkg/service/v1/config-service.go:174.3,174.32 1 0
code.geant.net/stash/scm/nmaas/nmaas-janitor/pkg/service/v1/config-service.go:162.26,163.12 1 0
code.geant.net/stash/scm/nmaas/nmaas-janitor/pkg/service/v1/config-service.go:168.17,171.4 2 0
code.geant.net/stash/scm/nmaas/nmaas-janitor/pkg/service/v1/config-service.go:181.122,183.54 1 0
code.geant.net/stash/scm/nmaas/nmaas-janitor/pkg/service/v1/config-service.go:187.2,190.16 3 0
code.geant.net/stash/scm/nmaas/nmaas-janitor/pkg/service/v1/config-service.go:195.2,196.16 2 0
code.geant.net/stash/scm/nmaas/nmaas-janitor/pkg/service/v1/config-service.go:201.2,202.16 2 0
code.geant.net/stash/scm/nmaas/nmaas-janitor/pkg/service/v1/config-service.go:183.54,185.3 1 0
code.geant.net/stash/scm/nmaas/nmaas-janitor/pkg/service/v1/config-service.go:190.16,192.3 1 0
code.geant.net/stash/scm/nmaas/nmaas-janitor/pkg/service/v1/config-service.go:196.16,198.3 1 0
code.geant.net/stash/scm/nmaas/nmaas-janitor/pkg/service/v1/config-service.go:202.16,207.17 5 0
code.geant.net/stash/scm/nmaas/nmaas-janitor/pkg/service/v1/config-service.go:210.3,211.17 2 0
code.geant.net/stash/scm/nmaas/nmaas-janitor/pkg/service/v1/config-service.go:215.3,215.78 1 0
code.geant.net/stash/scm/nmaas/nmaas-janitor/pkg/service/v1/config-service.go:207.17,209.4 1 0
code.geant.net/stash/scm/nmaas/nmaas-janitor/pkg/service/v1/config-service.go:211.17,213.4 1 0
code.geant.net/stash/scm/nmaas/nmaas-janitor/pkg/service/v1/config-service.go:216.8,218.17 2 0
code.geant.net/stash/scm/nmaas/nmaas-janitor/pkg/service/v1/config-service.go:223.3,224.17 2 0
code.geant.net/stash/scm/nmaas/nmaas-janitor/pkg/service/v1/config-service.go:228.3,228.78 1 0
code.geant.net/stash/scm/nmaas/nmaas-janitor/pkg/service/v1/config-service.go:218.17,220.4 1 0
code.geant.net/stash/scm/nmaas/nmaas-janitor/pkg/service/v1/config-service.go:224.17,226.4 1 0
code.geant.net/stash/scm/nmaas/nmaas-janitor/pkg/service/v1/config-service.go:233.121,235.54 1 0
code.geant.net/stash/scm/nmaas/nmaas-janitor/pkg/service/v1/config-service.go:239.2,243.16 3 0
code.geant.net/stash/scm/nmaas/nmaas-janitor/pkg/service/v1/config-service.go:248.2,249.16 2 0
code.geant.net/stash/scm/nmaas/nmaas-janitor/pkg/service/v1/config-service.go:254.2,255.16 2 0
code.geant.net/stash/scm/nmaas/nmaas-janitor/pkg/service/v1/config-service.go:259.2,259.77 1 0
code.geant.net/stash/scm/nmaas/nmaas-janitor/pkg/service/v1/config-service.go:235.54,237.3 1 0
code.geant.net/stash/scm/nmaas/nmaas-janitor/pkg/service/v1/config-service.go:243.16,245.3 1 0
code.geant.net/stash/scm/nmaas/nmaas-janitor/pkg/service/v1/config-service.go:249.16,251.3 1 0
code.geant.net/stash/scm/nmaas/nmaas-janitor/pkg/service/v1/config-service.go:255.16,257.3 1 0
code.geant.net/stash/scm/nmaas/nmaas-janitor/pkg/service/v1/config-service.go:262.123,266.16 3 0
code.geant.net/stash/scm/nmaas/nmaas-janitor/pkg/service/v1/config-service.go:270.2,273.23 3 0
code.geant.net/stash/scm/nmaas/nmaas-janitor/pkg/service/v1/config-service.go:266.16,268.3 1 0
code.geant.net/stash/scm/nmaas/nmaas-janitor/pkg/service/v1/config-service.go:276.112,280.16 3 0
code.geant.net/stash/scm/nmaas/nmaas-janitor/pkg/service/v1/config-service.go:284.2,288.20 4 0
code.geant.net/stash/scm/nmaas/nmaas-janitor/pkg/service/v1/config-service.go:280.16,282.3 1 0
code.geant.net/stash/scm/nmaas/nmaas-janitor/pkg/service/v1/config-service.go:291.43,293.2 1 0
code.geant.net/stash/scm/nmaas/nmaas-janitor/pkg/service/v1/config-service.go:295.136,297.54 1 0
code.geant.net/stash/scm/nmaas/nmaas-janitor/pkg/service/v1/config-service.go:301.2,305.16 3 0
code.geant.net/stash/scm/nmaas/nmaas-janitor/pkg/service/v1/config-service.go:310.2,314.16 5 0
code.geant.net/stash/scm/nmaas/nmaas-janitor/pkg/service/v1/config-service.go:319.2,320.16 2 0
code.geant.net/stash/scm/nmaas/nmaas-janitor/pkg/service/v1/config-service.go:324.2,324.74 1 0
code.geant.net/stash/scm/nmaas/nmaas-janitor/pkg/service/v1/config-service.go:297.54,299.3 1 0
code.geant.net/stash/scm/nmaas/nmaas-janitor/pkg/service/v1/config-service.go:305.16,307.3 1 0
code.geant.net/stash/scm/nmaas/nmaas-janitor/pkg/service/v1/config-service.go:314.16,316.3 1 0
code.geant.net/stash/scm/nmaas/nmaas-janitor/pkg/service/v1/config-service.go:320.16,322.3 1 0
code.geant.net/stash/scm/nmaas/nmaas-janitor/pkg/service/v1/config-service.go:327.124,329.54 1 0
code.geant.net/stash/scm/nmaas/nmaas-janitor/pkg/service/v1/config-service.go:333.2,337.16 3 0
code.geant.net/stash/scm/nmaas/nmaas-janitor/pkg/service/v1/config-service.go:341.2,345.16 3 0
code.geant.net/stash/scm/nmaas/nmaas-janitor/pkg/service/v1/config-service.go:350.2,351.16 2 0
code.geant.net/stash/scm/nmaas/nmaas-janitor/pkg/service/v1/config-service.go:355.2,355.74 1 0
code.geant.net/stash/scm/nmaas/nmaas-janitor/pkg/service/v1/config-service.go:329.54,331.3 1 0
code.geant.net/stash/scm/nmaas/nmaas-janitor/pkg/service/v1/config-service.go:337.16,339.3 1 0
code.geant.net/stash/scm/nmaas/nmaas-janitor/pkg/service/v1/config-service.go:345.16,347.3 1 0
code.geant.net/stash/scm/nmaas/nmaas-janitor/pkg/service/v1/config-service.go:351.16,353.3 1 0
code.geant.net/stash/scm/nmaas/nmaas-janitor/pkg/service/v1/config-service.go:358.126,360.54 1 0
code.geant.net/stash/scm/nmaas/nmaas-janitor/pkg/service/v1/config-service.go:364.2,368.16 3 0
code.geant.net/stash/scm/nmaas/nmaas-janitor/pkg/service/v1/config-service.go:372.2,376.16 3 0
code.geant.net/stash/scm/nmaas/nmaas-janitor/pkg/service/v1/config-service.go:381.2,382.16 2 0
code.geant.net/stash/scm/nmaas/nmaas-janitor/pkg/service/v1/config-service.go:386.2,386.74 1 0
code.geant.net/stash/scm/nmaas/nmaas-janitor/pkg/service/v1/config-service.go:360.54,362.3 1 0
code.geant.net/stash/scm/nmaas/nmaas-janitor/pkg/service/v1/config-service.go:368.16,370.3 1 0
code.geant.net/stash/scm/nmaas/nmaas-janitor/pkg/service/v1/config-service.go:376.16,378.3 1 0
code.geant.net/stash/scm/nmaas/nmaas-janitor/pkg/service/v1/config-service.go:382.16,384.3 1 0
code.geant.net/stash/scm/nmaas/nmaas-janitor/pkg/service/v1/config-service.go:389.122,391.54 1 0
code.geant.net/stash/scm/nmaas/nmaas-janitor/pkg/service/v1/config-service.go:395.2,399.16 3 0
code.geant.net/stash/scm/nmaas/nmaas-janitor/pkg/service/v1/config-service.go:403.2,404.16 2 0
code.geant.net/stash/scm/nmaas/nmaas-janitor/pkg/service/v1/config-service.go:408.2,408.52 1 0
code.geant.net/stash/scm/nmaas/nmaas-janitor/pkg/service/v1/config-service.go:412.2,412.74 1 0
code.geant.net/stash/scm/nmaas/nmaas-janitor/pkg/service/v1/config-service.go:391.54,393.3 1 0
code.geant.net/stash/scm/nmaas/nmaas-janitor/pkg/service/v1/config-service.go:399.16,401.3 1 0
code.geant.net/stash/scm/nmaas/nmaas-janitor/pkg/service/v1/config-service.go:404.16,406.3 1 0
code.geant.net/stash/scm/nmaas/nmaas-janitor/pkg/service/v1/config-service.go:408.52,410.3 1 0
